TN:
SF:controllers/user.js
FN:4,(anonymous_0)
FN:21,(anonymous_1)
FNF:2
FNH:1
FNDA:3,(anonymous_0)
FNDA:0,(anonymous_1)
DA:1,1
DA:2,1
DA:4,1
DA:6,3
DA:7,3
DA:10,2
DA:11,1
DA:12,1
DA:13,1
DA:16,1
DA:17,1
DA:21,1
DA:25,0
DA:26,0
DA:30,0
DA:31,0
DA:33,0
DA:36,0
DA:37,0
LF:19
LH:12
BRDA:10,0,0,1
BRDA:10,0,1,1
BRDA:12,1,0,1
BRDA:12,1,1,0
BRDA:30,2,0,0
BRDA:30,2,1,0
BRF:6
BRH:3
end_of_record
TN:
SF:models/user.js
FN:5,(anonymous_0)
FN:47,(anonymous_1)
FNF:2
FNH:1
FNDA:0,(anonymous_0)
FNDA:1,(anonymous_1)
DA:1,3
DA:7,0
DA:49,1
DA:52,1
DA:58,1
DA:69,3
LF:6
LH:5
BRF:0
BRH:0
end_of_record
TN:
SF:services/user.js
FN:3,(anonymous_0)
FNF:1
FNH:1
FNDA:5,(anonymous_0)
DA:1,2
DA:3,2
DA:4,5
DA:6,4
DA:7,2
DA:8,2
DA:10,2
LF:7
LH:7
BRDA:6,0,0,2
BRDA:6,0,1,2
BRF:2
BRH:2
end_of_record
